<html>
<body>
<pre>
<h1>µVision Build Log</h1>
<h2>Project:</h2>
D:\ishaan_vatus_220905043\lab_03\lab_03.uvproj
Project File Date:  01/19/2024

<h2>Output:</h2>
Build target 'Target 1'
assembling Lab3_1.s...
D:\ICAS_221627021\Lab 3\Lab3_1.s(13): error: A1114E: Expected register relative expression
D:\ICAS_221627021\Lab 3\Lab3_1.s(14): error: A1114E: Expected register relative expression
".\lab_03.axf" - 2 Error(s), 0 Warning(s).
Target not created
Error: Could not load file 'D:\ishaan_vatus_220905043\lab_03\lab_03.axf'. Debugger aborted !
</pre>
</body>
</html>
